[2026-05-09T12:42:25.681+0000] {local_task_job_runner.py:120} INFO - ::group::Pre task execution logs
[2026-05-09T12:42:25.698+0000] {taskinstance.py:2076} INFO - Dependencies all met for dep_context=non-requeueable deps ti=<TaskInstance: goit_de_fp_pipeline.bronze_to_silver manual__2026-05-09T12:39:47.525001+00:00 [queued]>
[2026-05-09T12:42:25.701+0000] {taskinstance.py:2076} INFO - Dependencies all met for dep_context=requeueable deps ti=<TaskInstance: goit_de_fp_pipeline.bronze_to_silver manual__2026-05-09T12:39:47.525001+00:00 [queued]>
[2026-05-09T12:42:25.702+0000] {taskinstance.py:2306} INFO - Starting attempt 2 of 2
[2026-05-09T12:42:25.707+0000] {taskinstance.py:2330} INFO - Executing <Task(BashOperator): bronze_to_silver> on 2026-05-09 12:39:47.525001+00:00
[2026-05-09T12:42:25.711+0000] {logging_mixin.py:188} WARNING - /home/***/.local/lib/python3.12/site-packages/***/task/task_runner/standard_task_runner.py:61 DeprecationWarning: This process (pid=1396) is multi-threaded, use of fork() may lead to deadlocks in the child.
[2026-05-09T12:42:25.712+0000] {standard_task_runner.py:63} INFO - Started process 1397 to run task
[2026-05-09T12:42:25.711+0000] {standard_task_runner.py:90} INFO - Running: ['***', 'tasks', 'run', 'goit_de_fp_pipeline', 'bronze_to_silver', 'manual__2026-05-09T12:39:47.525001+00:00', '--job-id', '6', '--raw', '--subdir', 'DAGS_FOLDER/project_solution.py', '--cfg-path', '/tmp/tmprl8dxx6p']
[2026-05-09T12:42:25.712+0000] {standard_task_runner.py:91} INFO - Job 6: Subtask bronze_to_silver
[2026-05-09T12:42:25.736+0000] {task_command.py:426} INFO - Running <TaskInstance: goit_de_fp_pipeline.bronze_to_silver manual__2026-05-09T12:39:47.525001+00:00 [running]> on host c02983a2b29e
[2026-05-09T12:42:25.774+0000] {taskinstance.py:2648} INFO - Exporting env vars: AIRFLOW_CTX_DAG_OWNER='de_student' AIRFLOW_CTX_DAG_ID='goit_de_fp_pipeline' AIRFLOW_CTX_TASK_ID='bronze_to_silver' AIRFLOW_CTX_EXECUTION_DATE='2026-05-09T12:39:47.525001+00:00' AIRFLOW_CTX_TRY_NUMBER='2' AIRFLOW_CTX_DAG_RUN_ID='manual__2026-05-09T12:39:47.525001+00:00'
[2026-05-09T12:42:25.774+0000] {taskinstance.py:430} INFO - ::endgroup::
[2026-05-09T12:42:25.782+0000] {subprocess.py:63} INFO - Tmp dir root location: /tmp
[2026-05-09T12:42:25.782+0000] {subprocess.py:75} INFO - Running command: ['/usr/bin/bash', '-c', 'python /opt/***/dags/scripts/bronze_to_silver.py']
[2026-05-09T12:42:25.786+0000] {subprocess.py:86} INFO - Output:
[2026-05-09T12:42:26.122+0000] {subprocess.py:93} INFO - /home/***/.local/lib/python3.12/site-packages/pyspark/bin/load-spark-env.sh: line 68: ps: command not found
[2026-05-09T12:42:26.916+0000] {subprocess.py:93} INFO - Setting default log level to "WARN".
[2026-05-09T12:42:26.917+0000] {subprocess.py:93} INFO - To adjust logging level use sc.setLogLevel(newLevel). For SparkR, use setLogLevel(newLevel).
[2026-05-09T12:42:27.092+0000] {subprocess.py:93} INFO - 26/05/09 12:42:27 WARN NativeCodeLoader: Unable to load native-hadoop library for your platform... using builtin-java classes where applicable
[2026-05-09T12:42:28.201+0000] {subprocess.py:93} INFO - [Етап 2] Зчитування bronze: bronze/athlete_bio
[2026-05-09T12:42:28.201+0000] {subprocess.py:93} INFO - Traceback (most recent call last):
[2026-05-09T12:42:28.201+0000] {subprocess.py:93} INFO -   File "/opt/***/dags/scripts/bronze_to_silver.py", line 78, in <module>
[2026-05-09T12:42:28.202+0000] {subprocess.py:93} INFO -     bronze_to_silver(table)
[2026-05-09T12:42:28.202+0000] {subprocess.py:93} INFO -   File "/opt/***/dags/scripts/bronze_to_silver.py", line 55, in bronze_to_silver
[2026-05-09T12:42:28.203+0000] {subprocess.py:93} INFO -     df = spark.read.parquet(bronze_path)
[2026-05-09T12:42:28.203+0000] {subprocess.py:93} INFO -          ^^^^^^^^^^^^^^^^^^^^^^^^^^^^^^^
[2026-05-09T12:42:28.203+0000] {subprocess.py:93} INFO -   File "/home/***/.local/lib/python3.12/site-packages/pyspark/sql/readwriter.py", line 544, in parquet
[2026-05-09T12:42:28.203+0000] {subprocess.py:93} INFO -     return self._df(self._jreader.parquet(_to_seq(self._spark._sc, paths)))
[2026-05-09T12:42:28.203+0000] {subprocess.py:93} INFO -                     ^^^^^^^^^^^^^^^^^^^^^^^^^^^^^^^^^^^^^^^^^^^^^^^^^^^^^^
[2026-05-09T12:42:28.204+0000] {subprocess.py:93} INFO -   File "/home/***/.local/lib/python3.12/site-packages/py4j/java_gateway.py", line 1322, in __call__
[2026-05-09T12:42:28.204+0000] {subprocess.py:93} INFO -     return_value = get_return_value(
[2026-05-09T12:42:28.204+0000] {subprocess.py:93} INFO -                    ^^^^^^^^^^^^^^^^^
[2026-05-09T12:42:28.204+0000] {subprocess.py:93} INFO -   File "/home/***/.local/lib/python3.12/site-packages/pyspark/errors/exceptions/captured.py", line 185, in deco
[2026-05-09T12:42:28.204+0000] {subprocess.py:93} INFO -     raise converted from None
[2026-05-09T12:42:28.209+0000] {subprocess.py:93} INFO - pyspark.errors.exceptions.captured.AnalysisException: [PATH_NOT_FOUND] Path does not exist: file:/tmp/***tmpurmivg_1/bronze/athlete_bio.
[2026-05-09T12:42:28.660+0000] {subprocess.py:97} INFO - Command exited with return code 1
[2026-05-09T12:42:28.661+0000] {taskinstance.py:441} INFO - ::group::Post task execution logs
[2026-05-09T12:42:28.672+0000] {taskinstance.py:2905} ERROR - Task failed with exception
Traceback (most recent call last):
  File "/home/airflow/.local/lib/python3.12/site-packages/airflow/models/taskinstance.py", line 465, in _execute_task
    result = _execute_callable(context=context, **execute_callable_kwargs)
             ^^^^^^^^^^^^^^^^^^^^^^^^^^^^^^^^^^^^^^^^^^^^^^^^^^^^^^^^^^^^^
  File "/home/airflow/.local/lib/python3.12/site-packages/airflow/models/taskinstance.py", line 432, in _execute_callable
    return execute_callable(context=context, **execute_callable_kwargs)
           ^^^^^^^^^^^^^^^^^^^^^^^^^^^^^^^^^^^^^^^^^^^^^^^^^^^^^^^^^^^^
  File "/home/airflow/.local/lib/python3.12/site-packages/airflow/models/baseoperator.py", line 400, in wrapper
    return func(self, *args, **kwargs)
           ^^^^^^^^^^^^^^^^^^^^^^^^^^^
  File "/home/airflow/.local/lib/python3.12/site-packages/airflow/operators/bash.py", line 243, in execute
    raise AirflowException(
airflow.exceptions.AirflowException: Bash command failed. The command returned a non-zero exit code 1.
[2026-05-09T12:42:28.676+0000] {taskinstance.py:1206} INFO - Marking task as FAILED. dag_id=goit_de_fp_pipeline, task_id=bronze_to_silver, run_id=manual__2026-05-09T12:39:47.525001+00:00, execution_date=20260509T123947, start_date=20260509T124225, end_date=20260509T124228
[2026-05-09T12:42:28.687+0000] {standard_task_runner.py:110} ERROR - Failed to execute job 6 for task bronze_to_silver (Bash command failed. The command returned a non-zero exit code 1.; 1397)
[2026-05-09T12:42:28.709+0000] {local_task_job_runner.py:240} INFO - Task exited with return code 1
[2026-05-09T12:42:28.721+0000] {taskinstance.py:3498} INFO - 0 downstream tasks scheduled from follow-on schedule check
[2026-05-09T12:42:28.723+0000] {local_task_job_runner.py:222} INFO - ::endgroup::
