[2026-05-09T12:09:18.501+0000] {local_task_job_runner.py:120} INFO - ::group::Pre task execution logs
[2026-05-09T12:09:18.518+0000] {taskinstance.py:2076} INFO - Dependencies all met for dep_context=non-requeueable deps ti=<TaskInstance: goit_de_fp_pipeline.landing_to_bronze manual__2026-05-09T12:00:39.998046+00:00 [queued]>
[2026-05-09T12:09:18.523+0000] {taskinstance.py:2076} INFO - Dependencies all met for dep_context=requeueable deps ti=<TaskInstance: goit_de_fp_pipeline.landing_to_bronze manual__2026-05-09T12:00:39.998046+00:00 [queued]>
[2026-05-09T12:09:18.523+0000] {taskinstance.py:2306} INFO - Starting attempt 4 of 4
[2026-05-09T12:09:18.529+0000] {taskinstance.py:2330} INFO - Executing <Task(BashOperator): landing_to_bronze> on 2026-05-09 12:00:39.998046+00:00
[2026-05-09T12:09:18.533+0000] {logging_mixin.py:188} WARNING - /home/***/.local/lib/python3.12/site-packages/***/task/task_runner/standard_task_runner.py:61 DeprecationWarning: This process (pid=467) is multi-threaded, use of fork() may lead to deadlocks in the child.
[2026-05-09T12:09:18.534+0000] {standard_task_runner.py:63} INFO - Started process 468 to run task
[2026-05-09T12:09:18.533+0000] {standard_task_runner.py:90} INFO - Running: ['***', 'tasks', 'run', 'goit_de_fp_pipeline', 'landing_to_bronze', 'manual__2026-05-09T12:00:39.998046+00:00', '--job-id', '13', '--raw', '--subdir', 'DAGS_FOLDER/project_solution.py', '--cfg-path', '/tmp/tmpatteaihb']
[2026-05-09T12:09:18.535+0000] {standard_task_runner.py:91} INFO - Job 13: Subtask landing_to_bronze
[2026-05-09T12:09:18.556+0000] {task_command.py:426} INFO - Running <TaskInstance: goit_de_fp_pipeline.landing_to_bronze manual__2026-05-09T12:00:39.998046+00:00 [running]> on host 045c94c52d8e
[2026-05-09T12:09:18.596+0000] {taskinstance.py:2648} INFO - Exporting env vars: AIRFLOW_CTX_DAG_OWNER='de_student' AIRFLOW_CTX_DAG_ID='goit_de_fp_pipeline' AIRFLOW_CTX_TASK_ID='landing_to_bronze' AIRFLOW_CTX_EXECUTION_DATE='2026-05-09T12:00:39.998046+00:00' AIRFLOW_CTX_TRY_NUMBER='4' AIRFLOW_CTX_DAG_RUN_ID='manual__2026-05-09T12:00:39.998046+00:00'
[2026-05-09T12:09:18.597+0000] {taskinstance.py:430} INFO - ::endgroup::
[2026-05-09T12:09:18.604+0000] {subprocess.py:63} INFO - Tmp dir root location: /tmp
[2026-05-09T12:09:18.605+0000] {subprocess.py:75} INFO - Running command: ['/usr/bin/bash', '-c', 'python /opt/***/dags/scripts/landing_to_bronze.py']
[2026-05-09T12:09:18.609+0000] {subprocess.py:86} INFO - Output:
[2026-05-09T12:09:18.890+0000] {subprocess.py:93} INFO - Traceback (most recent call last):
[2026-05-09T12:09:18.893+0000] {subprocess.py:93} INFO -   File "/opt/***/dags/scripts/landing_to_bronze.py", line 7, in <module>
[2026-05-09T12:09:18.893+0000] {subprocess.py:93} INFO -     from pyspark.sql import SparkSession
[2026-05-09T12:09:18.894+0000] {subprocess.py:93} INFO - ModuleNotFoundError: No module named 'pyspark'
[2026-05-09T12:09:18.902+0000] {subprocess.py:97} INFO - Command exited with return code 1
[2026-05-09T12:09:18.903+0000] {taskinstance.py:441} INFO - ::group::Post task execution logs
[2026-05-09T12:09:18.908+0000] {taskinstance.py:2905} ERROR - Task failed with exception
Traceback (most recent call last):
  File "/home/airflow/.local/lib/python3.12/site-packages/airflow/models/taskinstance.py", line 465, in _execute_task
    result = _execute_callable(context=context, **execute_callable_kwargs)
             ^^^^^^^^^^^^^^^^^^^^^^^^^^^^^^^^^^^^^^^^^^^^^^^^^^^^^^^^^^^^^
  File "/home/airflow/.local/lib/python3.12/site-packages/airflow/models/taskinstance.py", line 432, in _execute_callable
    return execute_callable(context=context, **execute_callable_kwargs)
           ^^^^^^^^^^^^^^^^^^^^^^^^^^^^^^^^^^^^^^^^^^^^^^^^^^^^^^^^^^^^
  File "/home/airflow/.local/lib/python3.12/site-packages/airflow/models/baseoperator.py", line 400, in wrapper
    return func(self, *args, **kwargs)
           ^^^^^^^^^^^^^^^^^^^^^^^^^^^
  File "/home/airflow/.local/lib/python3.12/site-packages/airflow/operators/bash.py", line 243, in execute
    raise AirflowException(
airflow.exceptions.AirflowException: Bash command failed. The command returned a non-zero exit code 1.
[2026-05-09T12:09:18.911+0000] {taskinstance.py:1206} INFO - Marking task as FAILED. dag_id=goit_de_fp_pipeline, task_id=landing_to_bronze, run_id=manual__2026-05-09T12:00:39.998046+00:00, execution_date=20260509T120039, start_date=20260509T120918, end_date=20260509T120918
[2026-05-09T12:09:18.918+0000] {standard_task_runner.py:110} ERROR - Failed to execute job 13 for task landing_to_bronze (Bash command failed. The command returned a non-zero exit code 1.; 468)
[2026-05-09T12:09:18.938+0000] {local_task_job_runner.py:240} INFO - Task exited with return code 1
[2026-05-09T12:09:18.950+0000] {taskinstance.py:3498} INFO - 0 downstream tasks scheduled from follow-on schedule check
[2026-05-09T12:09:18.952+0000] {local_task_job_runner.py:222} INFO - ::endgroup::
