[2026-05-09T12:00:40.699+0000] {local_task_job_runner.py:120} INFO - ::group::Pre task execution logs
[2026-05-09T12:00:40.715+0000] {taskinstance.py:2076} INFO - Dependencies all met for dep_context=non-requeueable deps ti=<TaskInstance: goit_de_fp_pipeline.landing_to_bronze manual__2026-05-09T12:00:39.998046+00:00 [queued]>
[2026-05-09T12:00:40.719+0000] {taskinstance.py:2076} INFO - Dependencies all met for dep_context=requeueable deps ti=<TaskInstance: goit_de_fp_pipeline.landing_to_bronze manual__2026-05-09T12:00:39.998046+00:00 [queued]>
[2026-05-09T12:00:40.719+0000] {taskinstance.py:2306} INFO - Starting attempt 1 of 2
[2026-05-09T12:00:40.725+0000] {taskinstance.py:2330} INFO - Executing <Task(BashOperator): landing_to_bronze> on 2026-05-09 12:00:39.998046+00:00
[2026-05-09T12:00:40.728+0000] {logging_mixin.py:188} WARNING - /home/***/.local/lib/python3.12/site-packages/***/task/task_runner/standard_task_runner.py:61 DeprecationWarning: This process (pid=230) is multi-threaded, use of fork() may lead to deadlocks in the child.
[2026-05-09T12:00:40.729+0000] {standard_task_runner.py:63} INFO - Started process 231 to run task
[2026-05-09T12:00:40.728+0000] {standard_task_runner.py:90} INFO - Running: ['***', 'tasks', 'run', 'goit_de_fp_pipeline', 'landing_to_bronze', 'manual__2026-05-09T12:00:39.998046+00:00', '--job-id', '4', '--raw', '--subdir', 'DAGS_FOLDER/project_solution.py', '--cfg-path', '/tmp/tmpdnnhtpmf']
[2026-05-09T12:00:40.729+0000] {standard_task_runner.py:91} INFO - Job 4: Subtask landing_to_bronze
[2026-05-09T12:00:40.750+0000] {task_command.py:426} INFO - Running <TaskInstance: goit_de_fp_pipeline.landing_to_bronze manual__2026-05-09T12:00:39.998046+00:00 [running]> on host 045c94c52d8e
[2026-05-09T12:00:40.787+0000] {taskinstance.py:2648} INFO - Exporting env vars: AIRFLOW_CTX_DAG_OWNER='de_student' AIRFLOW_CTX_DAG_ID='goit_de_fp_pipeline' AIRFLOW_CTX_TASK_ID='landing_to_bronze' AIRFLOW_CTX_EXECUTION_DATE='2026-05-09T12:00:39.998046+00:00' AIRFLOW_CTX_TRY_NUMBER='1' AIRFLOW_CTX_DAG_RUN_ID='manual__2026-05-09T12:00:39.998046+00:00'
[2026-05-09T12:00:40.788+0000] {taskinstance.py:430} INFO - ::endgroup::
[2026-05-09T12:00:40.794+0000] {subprocess.py:63} INFO - Tmp dir root location: /tmp
[2026-05-09T12:00:40.795+0000] {subprocess.py:75} INFO - Running command: ['/usr/bin/bash', '-c', 'spark-submit /opt/***/dags/scripts/landing_to_bronze.py']
[2026-05-09T12:00:40.798+0000] {subprocess.py:86} INFO - Output:
[2026-05-09T12:00:40.799+0000] {subprocess.py:93} INFO - /usr/bin/bash: line 1: spark-submit: command not found
[2026-05-09T12:00:40.799+0000] {subprocess.py:97} INFO - Command exited with return code 127
[2026-05-09T12:00:40.800+0000] {taskinstance.py:441} INFO - ::group::Post task execution logs
[2026-05-09T12:00:40.806+0000] {taskinstance.py:2905} ERROR - Task failed with exception
Traceback (most recent call last):
  File "/home/airflow/.local/lib/python3.12/site-packages/airflow/models/taskinstance.py", line 465, in _execute_task
    result = _execute_callable(context=context, **execute_callable_kwargs)
             ^^^^^^^^^^^^^^^^^^^^^^^^^^^^^^^^^^^^^^^^^^^^^^^^^^^^^^^^^^^^^
  File "/home/airflow/.local/lib/python3.12/site-packages/airflow/models/taskinstance.py", line 432, in _execute_callable
    return execute_callable(context=context, **execute_callable_kwargs)
           ^^^^^^^^^^^^^^^^^^^^^^^^^^^^^^^^^^^^^^^^^^^^^^^^^^^^^^^^^^^^
  File "/home/airflow/.local/lib/python3.12/site-packages/airflow/models/baseoperator.py", line 400, in wrapper
    return func(self, *args, **kwargs)
           ^^^^^^^^^^^^^^^^^^^^^^^^^^^
  File "/home/airflow/.local/lib/python3.12/site-packages/airflow/operators/bash.py", line 243, in execute
    raise AirflowException(
airflow.exceptions.AirflowException: Bash command failed. The command returned a non-zero exit code 127.
[2026-05-09T12:00:40.809+0000] {taskinstance.py:1206} INFO - Marking task as UP_FOR_RETRY. dag_id=goit_de_fp_pipeline, task_id=landing_to_bronze, run_id=manual__2026-05-09T12:00:39.998046+00:00, execution_date=20260509T120039, start_date=20260509T120040, end_date=20260509T120040
[2026-05-09T12:00:40.814+0000] {standard_task_runner.py:110} ERROR - Failed to execute job 4 for task landing_to_bronze (Bash command failed. The command returned a non-zero exit code 127.; 231)
[2026-05-09T12:00:40.830+0000] {local_task_job_runner.py:240} INFO - Task exited with return code 1
[2026-05-09T12:00:40.841+0000] {taskinstance.py:3498} INFO - 0 downstream tasks scheduled from follow-on schedule check
[2026-05-09T12:00:40.842+0000] {local_task_job_runner.py:222} INFO - ::endgroup::
