[2026-05-09T12:02:15.701+0000] {local_task_job_runner.py:120} INFO - ::group::Pre task execution logs
[2026-05-09T12:02:15.720+0000] {taskinstance.py:2076} INFO - Dependencies all met for dep_context=non-requeueable deps ti=<TaskInstance: goit_de_fp_pipeline.landing_to_bronze scheduled__2026-05-08T00:00:00+00:00 [queued]>
[2026-05-09T12:02:15.724+0000] {taskinstance.py:2076} INFO - Dependencies all met for dep_context=requeueable deps ti=<TaskInstance: goit_de_fp_pipeline.landing_to_bronze scheduled__2026-05-08T00:00:00+00:00 [queued]>
[2026-05-09T12:02:15.724+0000] {taskinstance.py:2306} INFO - Starting attempt 2 of 2
[2026-05-09T12:02:15.730+0000] {taskinstance.py:2330} INFO - Executing <Task(BashOperator): landing_to_bronze> on 2026-05-08 00:00:00+00:00
[2026-05-09T12:02:15.734+0000] {logging_mixin.py:188} WARNING - /home/***/.local/lib/python3.12/site-packages/***/task/task_runner/standard_task_runner.py:61 DeprecationWarning: This process (pid=269) is multi-threaded, use of fork() may lead to deadlocks in the child.
[2026-05-09T12:02:15.734+0000] {standard_task_runner.py:63} INFO - Started process 270 to run task
[2026-05-09T12:02:15.734+0000] {standard_task_runner.py:90} INFO - Running: ['***', 'tasks', 'run', 'goit_de_fp_pipeline', 'landing_to_bronze', 'scheduled__2026-05-08T00:00:00+00:00', '--job-id', '5', '--raw', '--subdir', 'DAGS_FOLDER/project_solution.py', '--cfg-path', '/tmp/tmpzsx51sgt']
[2026-05-09T12:02:15.735+0000] {standard_task_runner.py:91} INFO - Job 5: Subtask landing_to_bronze
[2026-05-09T12:02:15.757+0000] {task_command.py:426} INFO - Running <TaskInstance: goit_de_fp_pipeline.landing_to_bronze scheduled__2026-05-08T00:00:00+00:00 [running]> on host 045c94c52d8e
[2026-05-09T12:02:15.793+0000] {taskinstance.py:2648} INFO - Exporting env vars: AIRFLOW_CTX_DAG_OWNER='de_student' AIRFLOW_CTX_DAG_ID='goit_de_fp_pipeline' AIRFLOW_CTX_TASK_ID='landing_to_bronze' AIRFLOW_CTX_EXECUTION_DATE='2026-05-08T00:00:00+00:00' AIRFLOW_CTX_TRY_NUMBER='2' AIRFLOW_CTX_DAG_RUN_ID='scheduled__2026-05-08T00:00:00+00:00'
[2026-05-09T12:02:15.794+0000] {taskinstance.py:430} INFO - ::endgroup::
[2026-05-09T12:02:15.801+0000] {subprocess.py:63} INFO - Tmp dir root location: /tmp
[2026-05-09T12:02:15.802+0000] {subprocess.py:75} INFO - Running command: ['/usr/bin/bash', '-c', 'spark-submit /opt/***/dags/scripts/landing_to_bronze.py']
[2026-05-09T12:02:15.805+0000] {subprocess.py:86} INFO - Output:
[2026-05-09T12:02:15.807+0000] {subprocess.py:93} INFO - /usr/bin/bash: line 1: spark-submit: command not found
[2026-05-09T12:02:15.807+0000] {subprocess.py:97} INFO - Command exited with return code 127
[2026-05-09T12:02:15.807+0000] {taskinstance.py:441} INFO - ::group::Post task execution logs
[2026-05-09T12:02:15.812+0000] {taskinstance.py:2905} ERROR - Task failed with exception
Traceback (most recent call last):
  File "/home/airflow/.local/lib/python3.12/site-packages/airflow/models/taskinstance.py", line 465, in _execute_task
    result = _execute_callable(context=context, **execute_callable_kwargs)
             ^^^^^^^^^^^^^^^^^^^^^^^^^^^^^^^^^^^^^^^^^^^^^^^^^^^^^^^^^^^^^
  File "/home/airflow/.local/lib/python3.12/site-packages/airflow/models/taskinstance.py", line 432, in _execute_callable
    return execute_callable(context=context, **execute_callable_kwargs)
           ^^^^^^^^^^^^^^^^^^^^^^^^^^^^^^^^^^^^^^^^^^^^^^^^^^^^^^^^^^^^
  File "/home/airflow/.local/lib/python3.12/site-packages/airflow/models/baseoperator.py", line 400, in wrapper
    return func(self, *args, **kwargs)
           ^^^^^^^^^^^^^^^^^^^^^^^^^^^
  File "/home/airflow/.local/lib/python3.12/site-packages/airflow/operators/bash.py", line 243, in execute
    raise AirflowException(
airflow.exceptions.AirflowException: Bash command failed. The command returned a non-zero exit code 127.
[2026-05-09T12:02:15.814+0000] {taskinstance.py:1206} INFO - Marking task as FAILED. dag_id=goit_de_fp_pipeline, task_id=landing_to_bronze, run_id=scheduled__2026-05-08T00:00:00+00:00, execution_date=20260508T000000, start_date=20260509T120215, end_date=20260509T120215
[2026-05-09T12:02:15.820+0000] {standard_task_runner.py:110} ERROR - Failed to execute job 5 for task landing_to_bronze (Bash command failed. The command returned a non-zero exit code 127.; 270)
[2026-05-09T12:02:15.834+0000] {local_task_job_runner.py:240} INFO - Task exited with return code 1
[2026-05-09T12:02:15.845+0000] {taskinstance.py:3498} INFO - 0 downstream tasks scheduled from follow-on schedule check
[2026-05-09T12:02:15.847+0000] {local_task_job_runner.py:222} INFO - ::endgroup::
