[2026-05-09T12:00:14.452+0000] {local_task_job_runner.py:120} INFO - ::group::Pre task execution logs
[2026-05-09T12:00:14.468+0000] {taskinstance.py:2076} INFO - Dependencies all met for dep_context=non-requeueable deps ti=<TaskInstance: goit_de_fp_pipeline.landing_to_bronze scheduled__2026-05-08T00:00:00+00:00 [queued]>
[2026-05-09T12:00:14.472+0000] {taskinstance.py:2076} INFO - Dependencies all met for dep_context=requeueable deps ti=<TaskInstance: goit_de_fp_pipeline.landing_to_bronze scheduled__2026-05-08T00:00:00+00:00 [queued]>
[2026-05-09T12:00:14.473+0000] {taskinstance.py:2306} INFO - Starting attempt 1 of 2
[2026-05-09T12:00:14.479+0000] {taskinstance.py:2330} INFO - Executing <Task(BashOperator): landing_to_bronze> on 2026-05-08 00:00:00+00:00
[2026-05-09T12:00:14.483+0000] {logging_mixin.py:188} WARNING - /home/***/.local/lib/python3.12/site-packages/***/task/task_runner/standard_task_runner.py:61 DeprecationWarning: This process (pid=212) is multi-threaded, use of fork() may lead to deadlocks in the child.
[2026-05-09T12:00:14.484+0000] {standard_task_runner.py:63} INFO - Started process 213 to run task
[2026-05-09T12:00:14.483+0000] {standard_task_runner.py:90} INFO - Running: ['***', 'tasks', 'run', 'goit_de_fp_pipeline', 'landing_to_bronze', 'scheduled__2026-05-08T00:00:00+00:00', '--job-id', '2', '--raw', '--subdir', 'DAGS_FOLDER/project_solution.py', '--cfg-path', '/tmp/tmphz8o0ui7']
[2026-05-09T12:00:14.485+0000] {standard_task_runner.py:91} INFO - Job 2: Subtask landing_to_bronze
[2026-05-09T12:00:14.511+0000] {task_command.py:426} INFO - Running <TaskInstance: goit_de_fp_pipeline.landing_to_bronze scheduled__2026-05-08T00:00:00+00:00 [running]> on host 045c94c52d8e
[2026-05-09T12:00:14.556+0000] {taskinstance.py:2648} INFO - Exporting env vars: AIRFLOW_CTX_DAG_OWNER='de_student' AIRFLOW_CTX_DAG_ID='goit_de_fp_pipeline' AIRFLOW_CTX_TASK_ID='landing_to_bronze' AIRFLOW_CTX_EXECUTION_DATE='2026-05-08T00:00:00+00:00' AIRFLOW_CTX_TRY_NUMBER='1' AIRFLOW_CTX_DAG_RUN_ID='scheduled__2026-05-08T00:00:00+00:00'
[2026-05-09T12:00:14.557+0000] {taskinstance.py:430} INFO - ::endgroup::
[2026-05-09T12:00:14.575+0000] {subprocess.py:63} INFO - Tmp dir root location: /tmp
[2026-05-09T12:00:14.576+0000] {subprocess.py:75} INFO - Running command: ['/usr/bin/bash', '-c', 'spark-submit /opt/***/dags/scripts/landing_to_bronze.py']
[2026-05-09T12:00:14.579+0000] {subprocess.py:86} INFO - Output:
[2026-05-09T12:00:14.580+0000] {subprocess.py:93} INFO - /usr/bin/bash: line 1: spark-submit: command not found
[2026-05-09T12:00:14.581+0000] {subprocess.py:97} INFO - Command exited with return code 127
[2026-05-09T12:00:14.581+0000] {taskinstance.py:441} INFO - ::group::Post task execution logs
[2026-05-09T12:00:14.586+0000] {taskinstance.py:2905} ERROR - Task failed with exception
Traceback (most recent call last):
  File "/home/airflow/.local/lib/python3.12/site-packages/airflow/models/taskinstance.py", line 465, in _execute_task
    result = _execute_callable(context=context, **execute_callable_kwargs)
             ^^^^^^^^^^^^^^^^^^^^^^^^^^^^^^^^^^^^^^^^^^^^^^^^^^^^^^^^^^^^^
  File "/home/airflow/.local/lib/python3.12/site-packages/airflow/models/taskinstance.py", line 432, in _execute_callable
    return execute_callable(context=context, **execute_callable_kwargs)
           ^^^^^^^^^^^^^^^^^^^^^^^^^^^^^^^^^^^^^^^^^^^^^^^^^^^^^^^^^^^^
  File "/home/airflow/.local/lib/python3.12/site-packages/airflow/models/baseoperator.py", line 400, in wrapper
    return func(self, *args, **kwargs)
           ^^^^^^^^^^^^^^^^^^^^^^^^^^^
  File "/home/airflow/.local/lib/python3.12/site-packages/airflow/operators/bash.py", line 243, in execute
    raise AirflowException(
airflow.exceptions.AirflowException: Bash command failed. The command returned a non-zero exit code 127.
[2026-05-09T12:00:14.588+0000] {taskinstance.py:1206} INFO - Marking task as UP_FOR_RETRY. dag_id=goit_de_fp_pipeline, task_id=landing_to_bronze, run_id=scheduled__2026-05-08T00:00:00+00:00, execution_date=20260508T000000, start_date=20260509T120014, end_date=20260509T120014
[2026-05-09T12:00:14.594+0000] {standard_task_runner.py:110} ERROR - Failed to execute job 2 for task landing_to_bronze (Bash command failed. The command returned a non-zero exit code 127.; 213)
[2026-05-09T12:00:14.627+0000] {local_task_job_runner.py:240} INFO - Task exited with return code 1
[2026-05-09T12:00:14.639+0000] {taskinstance.py:3498} INFO - 0 downstream tasks scheduled from follow-on schedule check
[2026-05-09T12:00:14.639+0000] {local_task_job_runner.py:222} INFO - ::endgroup::
[2026-05-09T12:39:40.836+0000] {local_task_job_runner.py:120} INFO - ::group::Pre task execution logs
[2026-05-09T12:39:40.852+0000] {taskinstance.py:2076} INFO - Dependencies all met for dep_context=non-requeueable deps ti=<TaskInstance: goit_de_fp_pipeline.landing_to_bronze scheduled__2026-05-08T00:00:00+00:00 [queued]>
[2026-05-09T12:39:40.856+0000] {taskinstance.py:2076} INFO - Dependencies all met for dep_context=requeueable deps ti=<TaskInstance: goit_de_fp_pipeline.landing_to_bronze scheduled__2026-05-08T00:00:00+00:00 [queued]>
[2026-05-09T12:39:40.856+0000] {taskinstance.py:2306} INFO - Starting attempt 1 of 2
[2026-05-09T12:39:40.862+0000] {taskinstance.py:2330} INFO - Executing <Task(BashOperator): landing_to_bronze> on 2026-05-08 00:00:00+00:00
[2026-05-09T12:39:40.866+0000] {logging_mixin.py:188} WARNING - /home/***/.local/lib/python3.12/site-packages/***/task/task_runner/standard_task_runner.py:61 DeprecationWarning: This process (pid=210) is multi-threaded, use of fork() may lead to deadlocks in the child.
[2026-05-09T12:39:40.866+0000] {standard_task_runner.py:63} INFO - Started process 211 to run task
[2026-05-09T12:39:40.866+0000] {standard_task_runner.py:90} INFO - Running: ['***', 'tasks', 'run', 'goit_de_fp_pipeline', 'landing_to_bronze', 'scheduled__2026-05-08T00:00:00+00:00', '--job-id', '2', '--raw', '--subdir', 'DAGS_FOLDER/project_solution.py', '--cfg-path', '/tmp/tmp8qnc3aaw']
[2026-05-09T12:39:40.867+0000] {standard_task_runner.py:91} INFO - Job 2: Subtask landing_to_bronze
[2026-05-09T12:39:40.888+0000] {task_command.py:426} INFO - Running <TaskInstance: goit_de_fp_pipeline.landing_to_bronze scheduled__2026-05-08T00:00:00+00:00 [running]> on host c02983a2b29e
[2026-05-09T12:39:40.926+0000] {taskinstance.py:2648} INFO - Exporting env vars: AIRFLOW_CTX_DAG_OWNER='de_student' AIRFLOW_CTX_DAG_ID='goit_de_fp_pipeline' AIRFLOW_CTX_TASK_ID='landing_to_bronze' AIRFLOW_CTX_EXECUTION_DATE='2026-05-08T00:00:00+00:00' AIRFLOW_CTX_TRY_NUMBER='1' AIRFLOW_CTX_DAG_RUN_ID='scheduled__2026-05-08T00:00:00+00:00'
[2026-05-09T12:39:40.927+0000] {taskinstance.py:430} INFO - ::endgroup::
[2026-05-09T12:39:40.944+0000] {subprocess.py:63} INFO - Tmp dir root location: /tmp
[2026-05-09T12:39:40.945+0000] {subprocess.py:75} INFO - Running command: ['/usr/bin/bash', '-c', 'python /opt/***/dags/scripts/landing_to_bronze.py']
[2026-05-09T12:39:40.948+0000] {subprocess.py:86} INFO - Output:
[2026-05-09T12:39:41.355+0000] {subprocess.py:93} INFO - /home/***/.local/lib/python3.12/site-packages/pyspark/bin/load-spark-env.sh: line 68: ps: command not found
[2026-05-09T12:39:42.160+0000] {subprocess.py:93} INFO - Setting default log level to "WARN".
[2026-05-09T12:39:42.162+0000] {subprocess.py:93} INFO - To adjust logging level use sc.setLogLevel(newLevel). For SparkR, use setLogLevel(newLevel).
[2026-05-09T12:39:42.335+0000] {subprocess.py:93} INFO - 26/05/09 12:39:42 WARN NativeCodeLoader: Unable to load native-hadoop library for your platform... using builtin-java classes where applicable
[2026-05-09T12:40:22.079+0000] {subprocess.py:93} INFO - [Етап 1] Завантаження файлу: https://ftp.goit.study/neoversity/athlete_bio.csv
[2026-05-09T12:40:22.082+0000] {subprocess.py:93} INFO - [Етап 1] Файл збережено: landing/athlete_bio.csv (55494571 bytes)
[2026-05-09T12:40:22.082+0000] {subprocess.py:93} INFO - [Етап 1] Зчитування CSV: landing/athlete_bio.csv
[2026-05-09T12:40:22.082+0000] {subprocess.py:93} INFO - [Етап 1] Кількість рядків у athlete_bio: 155861
[2026-05-09T12:40:22.082+0000] {subprocess.py:93} INFO - +----------+------------------+------+----------------+------+------+-------------------+-----------+--------------------------------------------------------------------------------------------------------------------------------------------------------------------------------------------------------------------------------------------------------------------------------------------------------------------------------------------------------------------------------------------------------------------------------------------------------------------------------------------------------------------------------------------------------------------------------------------------------------------------------------------------------------------------------------------------------------------------------------------------------------------------------------------------------------------------------------------------------------------------------------------------------------------------------------------------------------------------------------------------------------------------------------------------------------------------------------------------------------------------------------------------------------------------------------------------------------------------------------------------------------------------------------------------------------------------------------------------+--------------------------------------------------------------------------------------------------------------------------------+
[2026-05-09T12:40:22.083+0000] {subprocess.py:93} INFO - |athlete_id|name              |sex   |born            |height|weight|country            |country_noc|description                                                                                                                                                                                                                                                                                                                                                                                                                                                                                                                                                                                                                                                                                                                                                                                                                                                                                                                                                                                                                                                                                                                                                                                                                                                                                                                                       |special_notes                                                                                                                   |
[2026-05-09T12:40:22.083+0000] {subprocess.py:93} INFO - +----------+------------------+------+----------------+------+------+-------------------+-----------+--------------------------------------------------------------------------------------------------------------------------------------------------------------------------------------------------------------------------------------------------------------------------------------------------------------------------------------------------------------------------------------------------------------------------------------------------------------------------------------------------------------------------------------------------------------------------------------------------------------------------------------------------------------------------------------------------------------------------------------------------------------------------------------------------------------------------------------------------------------------------------------------------------------------------------------------------------------------------------------------------------------------------------------------------------------------------------------------------------------------------------------------------------------------------------------------------------------------------------------------------------------------------------------------------------------------------------------------------+--------------------------------------------------------------------------------------------------------------------------------+
[2026-05-09T12:40:22.083+0000] {subprocess.py:93} INFO - |65649     |Ivanka Bonova     |Female|4 April 1949    |166   |55    | Bulgaria          |BUL        |Personal Best: 400 – 53.54 (1980).                                                                                                                                                                                                                                                                                                                                                                                                                                                                                                                                                                                                                                                                                                                                                                                                                                                                                                                                                                                                                                                                                                                                                                                                                                                                                                                |NULL                                                                                                                            |
[2026-05-09T12:40:22.083+0000] {subprocess.py:93} INFO - |112510    |Nataliya Uryadova |Female|15 March 1977   |184   |70    | Russian Federation|RUS        |NULL                                                                                                                                                                                                                                                                                                                                                                                                                                                                                                                                                                                                                                                                                                                                                                                                                                                                                                                                                                                                                                                                                                                                                                                                                                                                                                                                              |Listed in Olympians Who Won a Medal at the European Beach Volleyball Championships (1–0–0 2006 Den Haag gold)                   |
[2026-05-09T12:40:22.083+0000] {subprocess.py:93} INFO - |114973    |Essa Ismail Rashed|Male  |14 December 1986|165   |55    | Qatar             |QAT        |Personal Best: 10000 – 27:20.97 (2006).                                                                                                                                                                                                                                                                                                                                                                                                                                                                                                                                                                                                                                                                                                                                                                                                                                                                                                                                                                                                                                                                                                                                                                                                                                                                                                           |Listed in Olympians Who Won a Medal at the Asian Games (0–2–0 2006 Doha ATH silver: 10000 m; 2010 Guangzhou ATH silver: 10000 m)|
[2026-05-09T12:40:22.084+0000] {subprocess.py:93} INFO - |30359     |Péter Boros       |Male  |12 January 1908 |NULL  |NULL  | Hungary           |HUN        |Between 1927 and 1938, Péter Boros competed as a gymnast of BBTE. He won the Hungarian championship in rope climbing in 1932, and as part of the winning team in 1932, 1937 and 1938. As a member of the Hungarian national team, he took part in the 1930 World Championships and the 1932 Olympics both times finishing fourth in the team event. In individual events, he took two 5th places (pommelled horse and rope climbing). After the Olympics due to a series of injuries he did not regain his old form. After completing his career, he worked as a paper merchant.                                                                                                                                                                                                                                                                                                                                                                                                                                                                                                                                                                                                                                                                                                                                                                  |NULL                                                                                                                            |
[2026-05-09T12:40:22.084+0000] {subprocess.py:93} INFO - |50557     |Rudolf Piowatý    |Male  |28 April 1900   |NULL  |NULL  | Czechoslovakia    |TCH        |Rudolf Piowaty joined the Czechoslovak military near the end of World War I, and began his full-time military service in October 1921, leading to his career as a military officer. He also became a top swimmer while in the Army and won his first Czechoslovak title in 1921. He continued to win national titles over the next few years, allowing him to compete at the 1924 Paris Olympics. During World War II Piowaty left occupied Czechoslovakia in July 1942, and made his way to Germany, near Lake Constance. He used his swimming prowess to get to Switzerland, swimming across the lake. Piowaty settled in Genève where he worked for the League of Nations in the Office of the Permanent Delegation to the Czechoslovak Republic. After the liberation of France, Piowaty was sent across that country to Great Britain where he served in the Czechoslovak reserves as a lieutenant and became interim commander of his company. He returned to Czechoslovakia on 14 November 1945 and was awarded the Czechoslovak Military Medal of Merit, 2nd degree, and the Czechoslovak Military Commemorative Medal, after which he was transferred to the reserves permanently. After the Communist takeover Piowaty left his home country in 1948 to settle in Canada where he worked in the furniture trade and leisure and tourism.|NULL                                                                                                                            |
[2026-05-09T12:40:22.084+0000] {subprocess.py:93} INFO - +----------+------------------+------+----------------+------+------+-------------------+-----------+--------------------------------------------------------------------------------------------------------------------------------------------------------------------------------------------------------------------------------------------------------------------------------------------------------------------------------------------------------------------------------------------------------------------------------------------------------------------------------------------------------------------------------------------------------------------------------------------------------------------------------------------------------------------------------------------------------------------------------------------------------------------------------------------------------------------------------------------------------------------------------------------------------------------------------------------------------------------------------------------------------------------------------------------------------------------------------------------------------------------------------------------------------------------------------------------------------------------------------------------------------------------------------------------------------------------------------------------------+--------------------------------------------------------------------------------------------------------------------------------+
[2026-05-09T12:40:22.084+0000] {subprocess.py:93} INFO - only showing top 5 rows
[2026-05-09T12:40:22.459+0000] {subprocess.py:93} INFO - 26/05/09 12:40:22 WARN MemoryManager: Total allocation exceeds 95.00% (1,020,054,720 bytes) of heap memory
[2026-05-09T12:40:22.459+0000] {subprocess.py:93} INFO - Scaling row group sizes to 95.00% for 8 writers
[2026-05-09T12:40:27.378+0000] {subprocess.py:93} INFO - [Stage 6:>                                                          (0 + 8) / 8]                                                                                26/05/09 12:40:27 WARN MemoryManager: Total allocation exceeds 95.00% (1,020,054,720 bytes) of heap memory
[2026-05-09T12:40:27.379+0000] {subprocess.py:93} INFO - Scaling row group sizes to 95.00% for 8 writers
[2026-05-09T12:40:28.029+0000] {subprocess.py:93} INFO - 
[2026-05-09T12:40:28.030+0000] {subprocess.py:93} INFO - [Етап 1] Запис у bronze: bronze/athlete_bio
[2026-05-09T12:40:28.030+0000] {subprocess.py:93} INFO - [Етап 1] ✅ Таблицю athlete_bio збережено у bronze/athlete_bio
[2026-05-09T12:40:28.031+0000] {subprocess.py:93} INFO - [Етап 1] Завантаження файлу: https://ftp.goit.study/neoversity/athlete_event_results.csv
[2026-05-09T12:40:28.031+0000] {subprocess.py:93} INFO - [Етап 1] Файл збережено: landing/athlete_event_results.csv (32282708 bytes)
[2026-05-09T12:40:28.031+0000] {subprocess.py:93} INFO - [Етап 1] Зчитування CSV: landing/athlete_event_results.csv
[2026-05-09T12:40:28.032+0000] {subprocess.py:93} INFO - [Етап 1] Кількість рядків у athlete_event_results: 316834
[2026-05-09T12:40:28.032+0000] {subprocess.py:93} INFO - +--------------------+----------+-----------+---------+---------------+---------+---------------+----------+---------+-----+-----------+
[2026-05-09T12:40:28.033+0000] {subprocess.py:93} INFO - |edition             |edition_id|country_noc|sport    |event          |result_id|athlete        |athlete_id|pos      |medal|isTeamSport|
[2026-05-09T12:40:28.033+0000] {subprocess.py:93} INFO - +--------------------+----------+-----------+---------+---------------+---------+---------------+----------+---------+-----+-----------+
[2026-05-09T12:40:28.033+0000] {subprocess.py:93} INFO - |1908 Summer Olympics|5         |ANZ        |Athletics|100 metres, Men|56265    |Ernest Hutcheon|64710     |DNS      |NULL |false      |
[2026-05-09T12:40:28.034+0000] {subprocess.py:93} INFO - |1908 Summer Olympics|5         |ANZ        |Athletics|400 metres, Men|56313    |Henry Murray   |64756     |DNS      |NULL |false      |
[2026-05-09T12:40:28.034+0000] {subprocess.py:93} INFO - |1908 Summer Olympics|5         |ANZ        |Athletics|800 metres, Men|56338    |Harvey Sutton  |64808     |3 h8 r1/2|NULL |false      |
[2026-05-09T12:40:28.034+0000] {subprocess.py:93} INFO - |1908 Summer Olympics|5         |ANZ        |Athletics|800 metres, Men|56338    |Guy Haskins    |922519    |DNS      |NULL |false      |
[2026-05-09T12:40:28.034+0000] {subprocess.py:93} INFO - |1908 Summer Olympics|5         |ANZ        |Athletics|800 metres, Men|56338    |Joseph Lynch   |64735     |DNS      |NULL |false      |
[2026-05-09T12:40:28.034+0000] {subprocess.py:93} INFO - +--------------------+----------+-----------+---------+---------------+---------+---------------+----------+---------+-----+-----------+
[2026-05-09T12:40:28.035+0000] {subprocess.py:93} INFO - only showing top 5 rows
[2026-05-09T12:40:28.035+0000] {subprocess.py:93} INFO - 
[2026-05-09T12:40:28.035+0000] {subprocess.py:93} INFO - [Етап 1] Запис у bronze: bronze/athlete_event_results
[2026-05-09T12:40:28.036+0000] {subprocess.py:93} INFO - [Етап 1] ✅ Таблицю athlete_event_results збережено у bronze/athlete_event_results
[2026-05-09T12:40:28.036+0000] {subprocess.py:93} INFO - [Етап 1] ✅ Landing → Bronze завершено для всіх таблиць.
[2026-05-09T12:40:28.480+0000] {subprocess.py:97} INFO - Command exited with return code 0
[2026-05-09T12:40:28.490+0000] {taskinstance.py:441} INFO - ::group::Post task execution logs
[2026-05-09T12:40:28.505+0000] {taskinstance.py:1206} INFO - Marking task as SUCCESS. dag_id=goit_de_fp_pipeline, task_id=landing_to_bronze, run_id=scheduled__2026-05-08T00:00:00+00:00, execution_date=20260508T000000, start_date=20260509T123940, end_date=20260509T124028
[2026-05-09T12:40:28.515+0000] {local_task_job_runner.py:240} INFO - Task exited with return code 0
[2026-05-09T12:40:28.528+0000] {taskinstance.py:3498} INFO - 1 downstream tasks scheduled from follow-on schedule check
[2026-05-09T12:40:28.529+0000] {local_task_job_runner.py:222} INFO - ::endgroup::
