[2026-05-09T12:07:13.068+0000] {local_task_job_runner.py:120} INFO - ::group::Pre task execution logs
[2026-05-09T12:07:13.083+0000] {taskinstance.py:2076} INFO - Dependencies all met for dep_context=non-requeueable deps ti=<TaskInstance: goit_de_fp_pipeline.landing_to_bronze manual__2026-05-09T12:00:33.930039+00:00 [queued]>
[2026-05-09T12:07:13.087+0000] {taskinstance.py:2076} INFO - Dependencies all met for dep_context=requeueable deps ti=<TaskInstance: goit_de_fp_pipeline.landing_to_bronze manual__2026-05-09T12:00:33.930039+00:00 [queued]>
[2026-05-09T12:07:13.087+0000] {taskinstance.py:2306} INFO - Starting attempt 3 of 4
[2026-05-09T12:07:13.092+0000] {taskinstance.py:2330} INFO - Executing <Task(BashOperator): landing_to_bronze> on 2026-05-09 12:00:33.930039+00:00
[2026-05-09T12:07:13.096+0000] {logging_mixin.py:188} WARNING - /home/***/.local/lib/python3.12/site-packages/***/task/task_runner/standard_task_runner.py:61 DeprecationWarning: This process (pid=402) is multi-threaded, use of fork() may lead to deadlocks in the child.
[2026-05-09T12:07:13.097+0000] {standard_task_runner.py:63} INFO - Started process 403 to run task
[2026-05-09T12:07:13.097+0000] {standard_task_runner.py:90} INFO - Running: ['***', 'tasks', 'run', 'goit_de_fp_pipeline', 'landing_to_bronze', 'manual__2026-05-09T12:00:33.930039+00:00', '--job-id', '9', '--raw', '--subdir', 'DAGS_FOLDER/project_solution.py', '--cfg-path', '/tmp/tmp1a2pvazn']
[2026-05-09T12:07:13.098+0000] {standard_task_runner.py:91} INFO - Job 9: Subtask landing_to_bronze
[2026-05-09T12:07:13.120+0000] {task_command.py:426} INFO - Running <TaskInstance: goit_de_fp_pipeline.landing_to_bronze manual__2026-05-09T12:00:33.930039+00:00 [running]> on host 045c94c52d8e
[2026-05-09T12:07:13.157+0000] {taskinstance.py:2648} INFO - Exporting env vars: AIRFLOW_CTX_DAG_OWNER='de_student' AIRFLOW_CTX_DAG_ID='goit_de_fp_pipeline' AIRFLOW_CTX_TASK_ID='landing_to_bronze' AIRFLOW_CTX_EXECUTION_DATE='2026-05-09T12:00:33.930039+00:00' AIRFLOW_CTX_TRY_NUMBER='3' AIRFLOW_CTX_DAG_RUN_ID='manual__2026-05-09T12:00:33.930039+00:00'
[2026-05-09T12:07:13.157+0000] {taskinstance.py:430} INFO - ::endgroup::
[2026-05-09T12:07:13.164+0000] {subprocess.py:63} INFO - Tmp dir root location: /tmp
[2026-05-09T12:07:13.164+0000] {subprocess.py:75} INFO - Running command: ['/usr/bin/bash', '-c', 'python /opt/***/dags/scripts/landing_to_bronze.py']
[2026-05-09T12:07:13.168+0000] {subprocess.py:86} INFO - Output:
[2026-05-09T12:07:13.429+0000] {subprocess.py:93} INFO - Traceback (most recent call last):
[2026-05-09T12:07:13.429+0000] {subprocess.py:93} INFO -   File "/opt/***/dags/scripts/landing_to_bronze.py", line 7, in <module>
[2026-05-09T12:07:13.429+0000] {subprocess.py:93} INFO -     from pyspark.sql import SparkSession
[2026-05-09T12:07:13.429+0000] {subprocess.py:93} INFO - ModuleNotFoundError: No module named 'pyspark'
[2026-05-09T12:07:13.440+0000] {subprocess.py:97} INFO - Command exited with return code 1
[2026-05-09T12:07:13.441+0000] {taskinstance.py:441} INFO - ::group::Post task execution logs
[2026-05-09T12:07:13.447+0000] {taskinstance.py:2905} ERROR - Task failed with exception
Traceback (most recent call last):
  File "/home/airflow/.local/lib/python3.12/site-packages/airflow/models/taskinstance.py", line 465, in _execute_task
    result = _execute_callable(context=context, **execute_callable_kwargs)
             ^^^^^^^^^^^^^^^^^^^^^^^^^^^^^^^^^^^^^^^^^^^^^^^^^^^^^^^^^^^^^
  File "/home/airflow/.local/lib/python3.12/site-packages/airflow/models/taskinstance.py", line 432, in _execute_callable
    return execute_callable(context=context, **execute_callable_kwargs)
           ^^^^^^^^^^^^^^^^^^^^^^^^^^^^^^^^^^^^^^^^^^^^^^^^^^^^^^^^^^^^
  File "/home/airflow/.local/lib/python3.12/site-packages/airflow/models/baseoperator.py", line 400, in wrapper
    return func(self, *args, **kwargs)
           ^^^^^^^^^^^^^^^^^^^^^^^^^^^
  File "/home/airflow/.local/lib/python3.12/site-packages/airflow/operators/bash.py", line 243, in execute
    raise AirflowException(
airflow.exceptions.AirflowException: Bash command failed. The command returned a non-zero exit code 1.
[2026-05-09T12:07:13.450+0000] {taskinstance.py:1206} INFO - Marking task as UP_FOR_RETRY. dag_id=goit_de_fp_pipeline, task_id=landing_to_bronze, run_id=manual__2026-05-09T12:00:33.930039+00:00, execution_date=20260509T120033, start_date=20260509T120713, end_date=20260509T120713
[2026-05-09T12:07:13.456+0000] {standard_task_runner.py:110} ERROR - Failed to execute job 9 for task landing_to_bronze (Bash command failed. The command returned a non-zero exit code 1.; 403)
[2026-05-09T12:07:13.484+0000] {local_task_job_runner.py:240} INFO - Task exited with return code 1
[2026-05-09T12:07:13.495+0000] {taskinstance.py:3498} INFO - 0 downstream tasks scheduled from follow-on schedule check
[2026-05-09T12:07:13.496+0000] {local_task_job_runner.py:222} INFO - ::endgroup::
