[2026-05-09T12:50:53.933+0000] {local_task_job_runner.py:120} INFO - ::group::Pre task execution logs
[2026-05-09T12:50:53.949+0000] {taskinstance.py:2076} INFO - Dependencies all met for dep_context=non-requeueable deps ti=<TaskInstance: goit_de_fp_pipeline.silver_to_gold manual__2026-05-09T12:50:19.502650+00:00 [queued]>
[2026-05-09T12:50:53.952+0000] {taskinstance.py:2076} INFO - Dependencies all met for dep_context=requeueable deps ti=<TaskInstance: goit_de_fp_pipeline.silver_to_gold manual__2026-05-09T12:50:19.502650+00:00 [queued]>
[2026-05-09T12:50:53.952+0000] {taskinstance.py:2306} INFO - Starting attempt 1 of 2
[2026-05-09T12:50:53.958+0000] {taskinstance.py:2330} INFO - Executing <Task(BashOperator): silver_to_gold> on 2026-05-09 12:50:19.502650+00:00
[2026-05-09T12:50:53.962+0000] {logging_mixin.py:188} WARNING - /home/***/.local/lib/python3.12/site-packages/***/task/task_runner/standard_task_runner.py:61 DeprecationWarning: This process (pid=1332) is multi-threaded, use of fork() may lead to deadlocks in the child.
[2026-05-09T12:50:53.962+0000] {standard_task_runner.py:63} INFO - Started process 1333 to run task
[2026-05-09T12:50:53.962+0000] {standard_task_runner.py:90} INFO - Running: ['***', 'tasks', 'run', 'goit_de_fp_pipeline', 'silver_to_gold', 'manual__2026-05-09T12:50:19.502650+00:00', '--job-id', '11', '--raw', '--subdir', 'DAGS_FOLDER/project_solution.py', '--cfg-path', '/tmp/tmp5m5ovlrc']
[2026-05-09T12:50:53.963+0000] {standard_task_runner.py:91} INFO - Job 11: Subtask silver_to_gold
[2026-05-09T12:50:53.984+0000] {task_command.py:426} INFO - Running <TaskInstance: goit_de_fp_pipeline.silver_to_gold manual__2026-05-09T12:50:19.502650+00:00 [running]> on host 9a56532f3498
[2026-05-09T12:50:54.019+0000] {taskinstance.py:2648} INFO - Exporting env vars: AIRFLOW_CTX_DAG_OWNER='de_student' AIRFLOW_CTX_DAG_ID='goit_de_fp_pipeline' AIRFLOW_CTX_TASK_ID='silver_to_gold' AIRFLOW_CTX_EXECUTION_DATE='2026-05-09T12:50:19.502650+00:00' AIRFLOW_CTX_TRY_NUMBER='1' AIRFLOW_CTX_DAG_RUN_ID='manual__2026-05-09T12:50:19.502650+00:00'
[2026-05-09T12:50:54.019+0000] {taskinstance.py:430} INFO - ::endgroup::
[2026-05-09T12:50:54.026+0000] {subprocess.py:63} INFO - Tmp dir root location: /tmp
[2026-05-09T12:50:54.026+0000] {subprocess.py:75} INFO - Running command: ['/usr/bin/bash', '-c', 'python /opt/***/dags/scripts/silver_to_gold.py']
[2026-05-09T12:50:54.030+0000] {subprocess.py:86} INFO - Output:
[2026-05-09T12:50:54.395+0000] {subprocess.py:93} INFO - /home/***/.local/lib/python3.12/site-packages/pyspark/bin/load-spark-env.sh: line 68: ps: command not found
[2026-05-09T12:50:55.137+0000] {subprocess.py:93} INFO - Setting default log level to "WARN".
[2026-05-09T12:50:55.138+0000] {subprocess.py:93} INFO - To adjust logging level use sc.setLogLevel(newLevel). For SparkR, use setLogLevel(newLevel).
[2026-05-09T12:50:55.268+0000] {subprocess.py:93} INFO - 26/05/09 12:50:55 WARN NativeCodeLoader: Unable to load native-hadoop library for your platform... using builtin-java classes where applicable
[2026-05-09T12:50:58.575+0000] {subprocess.py:93} INFO - [Етап 3] Зчитування silver/athlete_bio
[2026-05-09T12:50:58.577+0000] {subprocess.py:93} INFO - [Етап 3] Зчитування silver/athlete_event_results
[2026-05-09T12:50:58.577+0000] {subprocess.py:93} INFO - [Етап 3] athlete_bio після фільтрації: 104153 рядків
[2026-05-09T12:50:58.577+0000] {subprocess.py:93} INFO - [Етап 3] Join athlete_events з athlete_bio за athlete_id
[2026-05-09T12:50:58.577+0000] {subprocess.py:93} INFO - [Етап 3] Рядків після join: 226872
[2026-05-09T12:50:58.577+0000] {subprocess.py:93} INFO - [Етап 3] Агрегація: середній зріст і вага по sport/medal/sex/country_noc
[2026-05-09T12:50:58.577+0000] {subprocess.py:93} INFO - Traceback (most recent call last):
[2026-05-09T12:50:58.577+0000] {subprocess.py:93} INFO -   File "/opt/***/dags/scripts/silver_to_gold.py", line 45, in <module>
[2026-05-09T12:50:58.578+0000] {subprocess.py:93} INFO -     .agg(
[2026-05-09T12:50:58.578+0000] {subprocess.py:93} INFO -      ^^^^
[2026-05-09T12:50:58.579+0000] {subprocess.py:93} INFO -   File "/home/***/.local/lib/python3.12/site-packages/pyspark/sql/group.py", line 186, in agg
[2026-05-09T12:50:58.580+0000] {subprocess.py:93} INFO -     jdf = self._jgd.agg(exprs[0]._jc, _to_seq(self.session._sc, [c._jc for c in exprs[1:]]))
[2026-05-09T12:50:58.580+0000] {subprocess.py:93} INFO -           ^^^^^^^^^^^^^^^^^^^^^^^^^^^^^^^^^^^^^^^^^^^^^^^^^^^^^^^^^^^^^^^^^^^^^^^^^^^^^^^^^^
[2026-05-09T12:50:58.581+0000] {subprocess.py:93} INFO -   File "/home/***/.local/lib/python3.12/site-packages/py4j/java_gateway.py", line 1322, in __call__
[2026-05-09T12:50:58.581+0000] {subprocess.py:93} INFO -     return_value = get_return_value(
[2026-05-09T12:50:58.581+0000] {subprocess.py:93} INFO -                    ^^^^^^^^^^^^^^^^^
[2026-05-09T12:50:58.581+0000] {subprocess.py:93} INFO -   File "/home/***/.local/lib/python3.12/site-packages/pyspark/errors/exceptions/captured.py", line 185, in deco
[2026-05-09T12:50:58.581+0000] {subprocess.py:93} INFO -     raise converted from None
[2026-05-09T12:50:58.582+0000] {subprocess.py:93} INFO - pyspark.errors.exceptions.captured.AnalysisException: [AMBIGUOUS_REFERENCE] Reference `country_noc` is ambiguous, could be: [`country_noc`, `country_noc`].
[2026-05-09T12:50:59.050+0000] {subprocess.py:97} INFO - Command exited with return code 1
[2026-05-09T12:50:59.051+0000] {taskinstance.py:441} INFO - ::group::Post task execution logs
[2026-05-09T12:50:59.057+0000] {taskinstance.py:2905} ERROR - Task failed with exception
Traceback (most recent call last):
  File "/home/airflow/.local/lib/python3.12/site-packages/airflow/models/taskinstance.py", line 465, in _execute_task
    result = _execute_callable(context=context, **execute_callable_kwargs)
             ^^^^^^^^^^^^^^^^^^^^^^^^^^^^^^^^^^^^^^^^^^^^^^^^^^^^^^^^^^^^^
  File "/home/airflow/.local/lib/python3.12/site-packages/airflow/models/taskinstance.py", line 432, in _execute_callable
    return execute_callable(context=context, **execute_callable_kwargs)
           ^^^^^^^^^^^^^^^^^^^^^^^^^^^^^^^^^^^^^^^^^^^^^^^^^^^^^^^^^^^^
  File "/home/airflow/.local/lib/python3.12/site-packages/airflow/models/baseoperator.py", line 400, in wrapper
    return func(self, *args, **kwargs)
           ^^^^^^^^^^^^^^^^^^^^^^^^^^^
  File "/home/airflow/.local/lib/python3.12/site-packages/airflow/operators/bash.py", line 243, in execute
    raise AirflowException(
airflow.exceptions.AirflowException: Bash command failed. The command returned a non-zero exit code 1.
[2026-05-09T12:50:59.060+0000] {taskinstance.py:1206} INFO - Marking task as UP_FOR_RETRY. dag_id=goit_de_fp_pipeline, task_id=silver_to_gold, run_id=manual__2026-05-09T12:50:19.502650+00:00, execution_date=20260509T125019, start_date=20260509T125053, end_date=20260509T125059
[2026-05-09T12:50:59.068+0000] {standard_task_runner.py:110} ERROR - Failed to execute job 11 for task silver_to_gold (Bash command failed. The command returned a non-zero exit code 1.; 1333)
[2026-05-09T12:50:59.095+0000] {local_task_job_runner.py:240} INFO - Task exited with return code 1
[2026-05-09T12:50:59.103+0000] {taskinstance.py:3498} INFO - 0 downstream tasks scheduled from follow-on schedule check
[2026-05-09T12:50:59.104+0000] {local_task_job_runner.py:222} INFO - ::endgroup::
